{"name": "test_swite_list", "status": "failed", "statusDetails": {"message": "selene.core.exceptions.TimeoutException: Message: \n\nTimed out after 6.0s, while waiting for:\nbrowser.element(('css selector', '[id=\"ru.vkusvill:id/btn_enter\"]')).click\n\nReason: InvalidSelectorException: Message: Locator Strategy 'css selector' is not supported for this session\nStacktrace:\nInvalidSelectorError: Locator Strategy 'css selector' is not supported for this session\n    at AndroidUiautomator2Driver.validateLocatorStrategy (/nix/store/a4f03fnyb1njsg95d11hrirds8hfjsc1-appium-1.17.0/node_modules/appium-uiautomator2-driver/node_modules/appium-base-driver/lib/basedriver/driver.js:388:13)\n    at AndroidUiautomator2Driver.findElOrElsWithProcessing (/nix/store/a4f03fnyb1njsg95d11hrirds8hfjsc1-appium-1.17.0/node_modules/appium-uiautomator2-driver/node_modules/appium-base-driver/lib/basedriver/commands/find.js:31:8)\n    at AndroidUiautomator2Driver.findElement (/nix/store/a4f03fnyb1njsg95d11hrirds8hfjsc1-appium-1.17.0/node_modules/appium-uiautomator2-driver/node_modules/appium-base-driver/lib/basedriver/commands/find.js:53:21)\n    at commandExecutor (/nix/store/a4f03fnyb1njsg95d11hrirds8hfjsc1-appium-1.17.0/node_modules/appium-uiautomator2-driver/node_modules/appium-base-driver/lib/basedriver/driver.js:330:9)\n    at /nix/store/a4f03fnyb1njsg95d11hrirds8hfjsc1-appium-1.17.0/node_modules/appium-uiautomator2-driver/node_modules/async-lock/lib/index.js:125:12\n    at AsyncLock._promiseTry (/nix/store/a4f03fnyb1njsg95d11hrirds8hfjsc1-appium-1.17.0/node_modules/appium-uiautomator2-driver/node_modules/async-lock/lib/index.js:249:31)\n    at exec (/nix/store/a4f03fnyb1njsg95d11hrirds8hfjsc1-appium-1.17.0/node_modules/appium-uiautomator2-driver/node_modules/async-lock/lib/index.js:124:9)\n    at AsyncLock.acquire (/nix/store/a4f03fnyb1njsg95d11hrirds8hfjsc1-appium-1.17.0/node_modules/appium-uiautomator2-driver/node_modules/async-lock/lib/index.js:140:3)\n    at AndroidUiautomator2Driver.executeCommand (/nix/store/a4f03fnyb1njsg95d11hrirds8hfjsc1-appium-1.17.0/node_modules/appium-uiautomator2-driver/node_modules/appium-base-driver/lib/basedriver/driver.js:343:39)\n    at AppiumDriver.executeCommand (/nix/store/a4f03fnyb1njsg95d11hrirds8hfjsc1-appium-1.17.0/lib/appium.js:534:36)\n    at runMicrotasks (<anonymous>)\n    at processTicksAndRejections (internal/process/task_queues.js:97:5)\n    at asyncHandler (/nix/store/a4f03fnyb1njsg95d11hrirds8hfjsc1-appium-1.17.0/node_modules/appium-base-driver/lib/protocol/protocol.js:309:21)\nScreenshot: file:///Users/a11/.selene/screenshots/1667523725378/1667523725379.png\nPageSource: file:///Users/a11/.selene/screenshots/1667523725378/1667523725379.html", "trace": "fn = <selene.core.wait.Command object at 0x1107bc310>\n\n    @self._decorator(self)\n    def _(fn: Callable[[E], R]) -> R:\n        finish_time = time.time() + self._timeout\n    \n        while True:\n            try:\n>               return fn(self.entity)\n\n/Library/Frameworks/Python.framework/Versions/3.10/lib/python3.10/site-packages/selene/core/wait.py:122: \n_ _ _ _ _ _ _ _ _ _ _ _ _ _ _ _ _ _ _ _ _ _ _ _ _ _ _ _ _ _ _ _ _ _ _ _ _ _ _ _ \n\nself = <selene.core.wait.Command object at 0x1107bc310>\nentity = <selene.core.entity.Element object at 0x1107bc550>\n\n    def __call__(self, entity: T) -> R:\n>       return self._fn(entity)\n\n/Library/Frameworks/Python.framework/Versions/3.10/lib/python3.10/site-packages/selene/core/wait.py:61: \n_ _ _ _ _ _ _ _ _ _ _ _ _ _ _ _ _ _ _ _ _ _ _ _ _ _ _ _ _ _ _ _ _ _ _ _ _ _ _ _ \n\nelement = <selene.core.entity.Element object at 0x1107bc550>\n\n>       else Command('click', lambda element: element().click())\n    )\n\n/Library/Frameworks/Python.framework/Versions/3.10/lib/python3.10/site-packages/selene/core/entity.py:528: \n_ _ _ _ _ _ _ _ _ _ _ _ _ _ _ _ _ _ _ _ _ _ _ _ _ _ _ _ _ _ _ _ _ _ _ _ _ _ _ _ \n\nself = <selene.core.entity.Element object at 0x1107bc550>\n\n    def __call__(self) -> WebElement:\n>       return self.locate()\n\n/Library/Frameworks/Python.framework/Versions/3.10/lib/python3.10/site-packages/selene/core/entity.py:186: \n_ _ _ _ _ _ _ _ _ _ _ _ _ _ _ _ _ _ _ _ _ _ _ _ _ _ _ _ _ _ _ _ _ _ _ _ _ _ _ _ \n\nself = <selene.core.entity.Element object at 0x1107bc550>\n\n    def locate(self) -> WebElement:\n>       return self._locator()\n\n/Library/Frameworks/Python.framework/Versions/3.10/lib/python3.10/site-packages/selene/core/entity.py:179: \n_ _ _ _ _ _ _ _ _ _ _ _ _ _ _ _ _ _ _ _ _ _ _ _ _ _ _ _ _ _ _ _ _ _ _ _ _ _ _ _ \n\nself = <selene.core.locator.Locator object at 0x1107bc5b0>\n\n    def __call__(self) -> T:\n>       return self._locate()\n\n/Library/Frameworks/Python.framework/Versions/3.10/lib/python3.10/site-packages/selene/core/locator.py:34: \n_ _ _ _ _ _ _ _ _ _ _ _ _ _ _ _ _ _ _ _ _ _ _ _ _ _ _ _ _ _ _ _ _ _ _ _ _ _ _ _ \n\n>           f'{self}.element({by})', lambda: self.driver.find_element(*by)\n        ),\n        self.config,\n    )\n\n/Library/Frameworks/Python.framework/Versions/3.10/lib/python3.10/site-packages/selene/core/entity.py:1132: \n_ _ _ _ _ _ _ _ _ _ _ _ _ _ _ _ _ _ _ _ _ _ _ _ _ _ _ _ _ _ _ _ _ _ _ _ _ _ _ _ \n\nself = <appium.webdriver.webdriver.WebDriver (session=\"958b8d80f13adf1c879aca0767c38045c654ad2c\")>\nby = 'css selector', value = '[id=\"ru.vkusvill:id/btn_enter\"]'\n\n    def find_element(self, by: str = AppiumBy.ID, value: Union[str, Dict] = None) -> MobileWebElement:\n        \"\"\"\n        Find an element given a AppiumBy strategy and locator\n    \n        Args:\n            by: The strategy\n            value: The locator\n    \n        Usage:\n            driver.find_element(by=AppiumBy.ACCESSIBILITY_ID, value='accessibility_id')\n    \n        Returns:\n            `appium.webdriver.webelement.WebElement`: The found element\n    \n        \"\"\"\n        # We prefer to patch locators in the client code\n        # Checking current context every time a locator is accessed could significantly slow down tests\n        # Check https://github.com/appium/python-client/pull/724 before submitting any issue\n        # if by == By.ID:\n        #     by = By.CSS_SELECTOR\n        #     value = '[id=\"%s\"]' % value\n        # elif by == By.TAG_NAME:\n        #     by = By.CSS_SELECTOR\n        # elif by == By.CLASS_NAME:\n        #     by = By.CSS_SELECTOR\n        #     value = \".%s\" % value\n        # elif by == By.NAME:\n        #     by = By.CSS_SELECTOR\n        #     value = '[name=\"%s\"]' % value\n    \n>       return self.execute(RemoteCommand.FIND_ELEMENT, {'using': by, 'value': value})['value']\n\n/Library/Frameworks/Python.framework/Versions/3.10/lib/python3.10/site-packages/appium/webdriver/webdriver.py:371: \n_ _ _ _ _ _ _ _ _ _ _ _ _ _ _ _ _ _ _ _ _ _ _ _ _ _ _ _ _ _ _ _ _ _ _ _ _ _ _ _ \n\nself = <appium.webdriver.webdriver.WebDriver (session=\"958b8d80f13adf1c879aca0767c38045c654ad2c\")>\ndriver_command = 'findElement'\nparams = {'using': 'css selector', 'value': '[id=\"ru.vkusvill:id/btn_enter\"]'}\n\n    def execute(self, driver_command: str, params: dict = None) -> dict:\n        \"\"\"\n        Sends a command to be executed by a command.CommandExecutor.\n    \n        :Args:\n         - driver_command: The name of the command to execute as a string.\n         - params: A dictionary of named parameters to send with the command.\n    \n        :Returns:\n          The command's JSON response loaded into a dictionary object.\n        \"\"\"\n        if self.session_id:\n            if not params:\n                params = {'sessionId': self.session_id}\n            elif 'sessionId' not in params:\n                params['sessionId'] = self.session_id\n    \n        params = self._wrap_value(params)\n        response = self.command_executor.execute(driver_command, params)\n        if response:\n>           self.error_handler.check_response(response)\n\n/Library/Frameworks/Python.framework/Versions/3.10/lib/python3.10/site-packages/selenium/webdriver/remote/webdriver.py:428: \n_ _ _ _ _ _ _ _ _ _ _ _ _ _ _ _ _ _ _ _ _ _ _ _ _ _ _ _ _ _ _ _ _ _ _ _ _ _ _ _ \n\nself = <appium.webdriver.errorhandler.MobileErrorHandler object at 0x1107bcf10>\nresponse = {'status': 400, 'value': '{\"value\":{\"error\":\"invalid selector\",\"message\":\"Locator Strategy \\'css selector\\' is not sup...re/a4f03fnyb1njsg95d11hrirds8hfjsc1-appium-1.17.0/node_modules/appium-base-driver/lib/protocol/protocol.js:309:21)\"}}'}\n\n    def check_response(self, response: Dict) -> None:\n        try:\n            super().check_response(response)\n        except WebDriverException as wde:\n            if wde.msg == 'No such context found.':\n                raise NoSuchContextException(wde.msg, wde.screen, wde.stacktrace) from wde\n>           raise wde\n\n/Library/Frameworks/Python.framework/Versions/3.10/lib/python3.10/site-packages/appium/webdriver/errorhandler.py:30: \n_ _ _ _ _ _ _ _ _ _ _ _ _ _ _ _ _ _ _ _ _ _ _ _ _ _ _ _ _ _ _ _ _ _ _ _ _ _ _ _ \n\nself = <appium.webdriver.errorhandler.MobileErrorHandler object at 0x1107bcf10>\nresponse = {'status': 400, 'value': '{\"value\":{\"error\":\"invalid selector\",\"message\":\"Locator Strategy \\'css selector\\' is not sup...re/a4f03fnyb1njsg95d11hrirds8hfjsc1-appium-1.17.0/node_modules/appium-base-driver/lib/protocol/protocol.js:309:21)\"}}'}\n\n    def check_response(self, response: Dict) -> None:\n        try:\n>           super().check_response(response)\n\n/Library/Frameworks/Python.framework/Versions/3.10/lib/python3.10/site-packages/appium/webdriver/errorhandler.py:26: \n_ _ _ _ _ _ _ _ _ _ _ _ _ _ _ _ _ _ _ _ _ _ _ _ _ _ _ _ _ _ _ _ _ _ _ _ _ _ _ _ \n\nself = <appium.webdriver.errorhandler.MobileErrorHandler object at 0x1107bcf10>\nresponse = {'status': 400, 'value': '{\"value\":{\"error\":\"invalid selector\",\"message\":\"Locator Strategy \\'css selector\\' is not sup...re/a4f03fnyb1njsg95d11hrirds8hfjsc1-appium-1.17.0/node_modules/appium-base-driver/lib/protocol/protocol.js:309:21)\"}}'}\n\n    def check_response(self, response: Dict[str, Any]) -> None:\n        \"\"\"\n        Checks that a JSON response from the WebDriver does not have an error.\n    \n        :Args:\n         - response - The JSON response from the WebDriver server as a dictionary\n           object.\n    \n        :Raises: If the response contains an error message.\n        \"\"\"\n        status = response.get('status', None)\n        if not status or status == ErrorCode.SUCCESS:\n            return\n        value = None\n        message = response.get(\"message\", \"\")\n        screen: str = response.get(\"screen\", \"\")\n        stacktrace = None\n        if isinstance(status, int):\n            value_json = response.get('value', None)\n            if value_json and isinstance(value_json, str):\n                import json\n                try:\n                    value = json.loads(value_json)\n                    if len(value.keys()) == 1:\n                        value = value['value']\n                    status = value.get('error', None)\n                    if not status:\n                        status = value.get(\"status\", ErrorCode.UNKNOWN_ERROR)\n                        message = value.get(\"value\") or value.get(\"message\")\n                        if not isinstance(message, str):\n                            value = message\n                            message = message.get('message')\n                    else:\n                        message = value.get('message', None)\n                except ValueError:\n                    pass\n    \n        exception_class: Type[WebDriverException]\n        if status in ErrorCode.NO_SUCH_ELEMENT:\n            exception_class = NoSuchElementException\n        elif status in ErrorCode.NO_SUCH_FRAME:\n            exception_class = NoSuchFrameException\n        elif status in ErrorCode.NO_SUCH_SHADOW_ROOT:\n            exception_class = NoSuchShadowRootException\n        elif status in ErrorCode.NO_SUCH_WINDOW:\n            exception_class = NoSuchWindowException\n        elif status in ErrorCode.STALE_ELEMENT_REFERENCE:\n            exception_class = StaleElementReferenceException\n        elif status in ErrorCode.ELEMENT_NOT_VISIBLE:\n            exception_class = ElementNotVisibleException\n        elif status in ErrorCode.INVALID_ELEMENT_STATE:\n            exception_class = InvalidElementStateException\n        elif status in ErrorCode.INVALID_SELECTOR \\\n                or status in ErrorCode.INVALID_XPATH_SELECTOR \\\n                or status in ErrorCode.INVALID_XPATH_SELECTOR_RETURN_TYPER:\n            exception_class = InvalidSelectorException\n        elif status in ErrorCode.ELEMENT_IS_NOT_SELECTABLE:\n            exception_class = ElementNotSelectableException\n        elif status in ErrorCode.ELEMENT_NOT_INTERACTABLE:\n            exception_class = ElementNotInteractableException\n        elif status in ErrorCode.INVALID_COOKIE_DOMAIN:\n            exception_class = InvalidCookieDomainException\n        elif status in ErrorCode.UNABLE_TO_SET_COOKIE:\n            exception_class = UnableToSetCookieException\n        elif status in ErrorCode.TIMEOUT:\n            exception_class = TimeoutException\n        elif status in ErrorCode.SCRIPT_TIMEOUT:\n            exception_class = TimeoutException\n        elif status in ErrorCode.UNKNOWN_ERROR:\n            exception_class = WebDriverException\n        elif status in ErrorCode.UNEXPECTED_ALERT_OPEN:\n            exception_class = UnexpectedAlertPresentException\n        elif status in ErrorCode.NO_ALERT_OPEN:\n            exception_class = NoAlertPresentException\n        elif status in ErrorCode.IME_NOT_AVAILABLE:\n            exception_class = ImeNotAvailableException\n        elif status in ErrorCode.IME_ENGINE_ACTIVATION_FAILED:\n            exception_class = ImeActivationFailedException\n        elif status in ErrorCode.MOVE_TARGET_OUT_OF_BOUNDS:\n            exception_class = MoveTargetOutOfBoundsException\n        elif status in ErrorCode.JAVASCRIPT_ERROR:\n            exception_class = JavascriptException\n        elif status in ErrorCode.SESSION_NOT_CREATED:\n            exception_class = SessionNotCreatedException\n        elif status in ErrorCode.INVALID_ARGUMENT:\n            exception_class = InvalidArgumentException\n        elif status in ErrorCode.NO_SUCH_COOKIE:\n            exception_class = NoSuchCookieException\n        elif status in ErrorCode.UNABLE_TO_CAPTURE_SCREEN:\n            exception_class = ScreenshotException\n        elif status in ErrorCode.ELEMENT_CLICK_INTERCEPTED:\n            exception_class = ElementClickInterceptedException\n        elif status in ErrorCode.INSECURE_CERTIFICATE:\n            exception_class = InsecureCertificateException\n        elif status in ErrorCode.INVALID_COORDINATES:\n            exception_class = InvalidCoordinatesException\n        elif status in ErrorCode.INVALID_SESSION_ID:\n            exception_class = InvalidSessionIdException\n        elif status in ErrorCode.UNKNOWN_METHOD:\n            exception_class = UnknownMethodException\n        else:\n            exception_class = WebDriverException\n        if not value:\n            value = response['value']\n        if isinstance(value, str):\n            raise exception_class(value)\n        if message == \"\" and 'message' in value:\n            message = value['message']\n    \n        screen = None  # type: ignore[assignment]\n        if 'screen' in value:\n            screen = value['screen']\n    \n        stacktrace = None\n        st_value = value.get('stackTrace') or value.get('stacktrace')\n        if st_value:\n            if isinstance(st_value, str):\n                stacktrace = st_value.split('\\n')\n            else:\n                stacktrace = []\n                try:\n                    for frame in st_value:\n                        line = frame.get(\"lineNumber\", \"\")\n                        file = frame.get(\"fileName\", \"<anonymous>\")\n                        if line:\n                            file = f\"{file}:{line}\"\n                        meth = frame.get('methodName', '<anonymous>')\n                        if 'className' in frame:\n                            meth = \"{}.{}\".format(frame['className'], meth)\n                        msg = \"    at %s (%s)\"\n                        msg = msg % (meth, file)\n                        stacktrace.append(msg)\n                except TypeError:\n                    pass\n        if exception_class == UnexpectedAlertPresentException:\n            alert_text = None\n            if 'data' in value:\n                alert_text = value['data'].get('text')\n            elif 'alert' in value:\n                alert_text = value['alert'].get('text')\n            raise exception_class(message, screen, stacktrace, alert_text)  # type: ignore[call-arg]  # mypy is not smart enough here\n>       raise exception_class(message, screen, stacktrace)\nE       selenium.common.exceptions.InvalidSelectorException: Message: Locator Strategy 'css selector' is not supported for this session\nE       Stacktrace:\nE       InvalidSelectorError: Locator Strategy 'css selector' is not supported for this session\nE           at AndroidUiautomator2Driver.validateLocatorStrategy (/nix/store/a4f03fnyb1njsg95d11hrirds8hfjsc1-appium-1.17.0/node_modules/appium-uiautomator2-driver/node_modules/appium-base-driver/lib/basedriver/driver.js:388:13)\nE           at AndroidUiautomator2Driver.findElOrElsWithProcessing (/nix/store/a4f03fnyb1njsg95d11hrirds8hfjsc1-appium-1.17.0/node_modules/appium-uiautomator2-driver/node_modules/appium-base-driver/lib/basedriver/commands/find.js:31:8)\nE           at AndroidUiautomator2Driver.findElement (/nix/store/a4f03fnyb1njsg95d11hrirds8hfjsc1-appium-1.17.0/node_modules/appium-uiautomator2-driver/node_modules/appium-base-driver/lib/basedriver/commands/find.js:53:21)\nE           at commandExecutor (/nix/store/a4f03fnyb1njsg95d11hrirds8hfjsc1-appium-1.17.0/node_modules/appium-uiautomator2-driver/node_modules/appium-base-driver/lib/basedriver/driver.js:330:9)\nE           at /nix/store/a4f03fnyb1njsg95d11hrirds8hfjsc1-appium-1.17.0/node_modules/appium-uiautomator2-driver/node_modules/async-lock/lib/index.js:125:12\nE           at AsyncLock._promiseTry (/nix/store/a4f03fnyb1njsg95d11hrirds8hfjsc1-appium-1.17.0/node_modules/appium-uiautomator2-driver/node_modules/async-lock/lib/index.js:249:31)\nE           at exec (/nix/store/a4f03fnyb1njsg95d11hrirds8hfjsc1-appium-1.17.0/node_modules/appium-uiautomator2-driver/node_modules/async-lock/lib/index.js:124:9)\nE           at AsyncLock.acquire (/nix/store/a4f03fnyb1njsg95d11hrirds8hfjsc1-appium-1.17.0/node_modules/appium-uiautomator2-driver/node_modules/async-lock/lib/index.js:140:3)\nE           at AndroidUiautomator2Driver.executeCommand (/nix/store/a4f03fnyb1njsg95d11hrirds8hfjsc1-appium-1.17.0/node_modules/appium-uiautomator2-driver/node_modules/appium-base-driver/lib/basedriver/driver.js:343:39)\nE           at AppiumDriver.executeCommand (/nix/store/a4f03fnyb1njsg95d11hrirds8hfjsc1-appium-1.17.0/lib/appium.js:534:36)\nE           at runMicrotasks (<anonymous>)\nE           at processTicksAndRejections (internal/process/task_queues.js:97:5)\nE           at asyncHandler (/nix/store/a4f03fnyb1njsg95d11hrirds8hfjsc1-appium-1.17.0/node_modules/appium-base-driver/lib/protocol/protocol.js:309:21)\n\n/Library/Frameworks/Python.framework/Versions/3.10/lib/python3.10/site-packages/selenium/webdriver/remote/errorhandler.py:243: InvalidSelectorException\n\nDuring handling of the above exception, another exception occurred:\n\n    @allure.tag('Pixel 6 Pro, Android version: 12.0')\n    @pytest.mark.mobile\n    @allure.description('Swipe list')\n    def test_swite_list():\n        with allure.step('Свайп разделов'):\n>           MainPageVkusvill().swipe_list()\n\ntest_box.py:14: \n_ _ _ _ _ _ _ _ _ _ _ _ _ _ _ _ _ _ _ _ _ _ _ _ _ _ _ _ _ _ _ _ _ _ _ _ _ _ _ _ \npages/main_page.py:10: in swipe_list\n    browser.element('[id=\"ru.vkusvill:id/btn_enter\"]').click()\n/Library/Frameworks/Python.framework/Versions/3.10/lib/python3.10/site-packages/selene/core/entity.py:525: in click\n    self.wait.for_(\n/Library/Frameworks/Python.framework/Versions/3.10/lib/python3.10/site-packages/selene/core/wait.py:147: in for_\n    return _(fn)\n/Library/Frameworks/Python.framework/Versions/3.10/lib/python3.10/site-packages/selene/support/_logging.py:76: in decorated\n    return for_(fn)\n_ _ _ _ _ _ _ _ _ _ _ _ _ _ _ _ _ _ _ _ _ _ _ _ _ _ _ _ _ _ _ _ _ _ _ _ _ _ _ _ \n\nfn = <selene.core.wait.Command object at 0x1107bc310>\n\n    @self._decorator(self)\n    def _(fn: Callable[[E], R]) -> R:\n        finish_time = time.time() + self._timeout\n    \n        while True:\n            try:\n                return fn(self.entity)\n            except Exception as reason:\n                if time.time() > finish_time:\n    \n                    reason_message = str(reason)\n    \n                    reason_string = '{name}: {message}'.format(\n                        name=reason.__class__.__name__,\n                        message=reason_message,\n                    )\n                    # todo: think on how can we improve logging failures in selene, e.g. reverse msg and stacktrace\n                    # stacktrace = getattr(reason, 'stacktrace', None)\n                    timeout = self._timeout\n                    entity = self.entity\n    \n                    failure = TimeoutException(\n                        f'\\n'\n                        f'\\nTimed out after {timeout}s, while waiting for:'\n                        f'\\n{entity}.{fn}'\n                        f'\\n'\n                        f'\\nReason: {reason_string}'\n                    )\n    \n>                   raise self._hook_failure(failure)\nE                   selene.core.exceptions.TimeoutException: Message: \nE                   \nE                   Timed out after 6.0s, while waiting for:\nE                   browser.element(('css selector', '[id=\"ru.vkusvill:id/btn_enter\"]')).click\nE                   \nE                   Reason: InvalidSelectorException: Message: Locator Strategy 'css selector' is not supported for this session\nE                   Stacktrace:\nE                   InvalidSelectorError: Locator Strategy 'css selector' is not supported for this session\nE                       at AndroidUiautomator2Driver.validateLocatorStrategy (/nix/store/a4f03fnyb1njsg95d11hrirds8hfjsc1-appium-1.17.0/node_modules/appium-uiautomator2-driver/node_modules/appium-base-driver/lib/basedriver/driver.js:388:13)\nE                       at AndroidUiautomator2Driver.findElOrElsWithProcessing (/nix/store/a4f03fnyb1njsg95d11hrirds8hfjsc1-appium-1.17.0/node_modules/appium-uiautomator2-driver/node_modules/appium-base-driver/lib/basedriver/commands/find.js:31:8)\nE                       at AndroidUiautomator2Driver.findElement (/nix/store/a4f03fnyb1njsg95d11hrirds8hfjsc1-appium-1.17.0/node_modules/appium-uiautomator2-driver/node_modules/appium-base-driver/lib/basedriver/commands/find.js:53:21)\nE                       at commandExecutor (/nix/store/a4f03fnyb1njsg95d11hrirds8hfjsc1-appium-1.17.0/node_modules/appium-uiautomator2-driver/node_modules/appium-base-driver/lib/basedriver/driver.js:330:9)\nE                       at /nix/store/a4f03fnyb1njsg95d11hrirds8hfjsc1-appium-1.17.0/node_modules/appium-uiautomator2-driver/node_modules/async-lock/lib/index.js:125:12\nE                       at AsyncLock._promiseTry (/nix/store/a4f03fnyb1njsg95d11hrirds8hfjsc1-appium-1.17.0/node_modules/appium-uiautomator2-driver/node_modules/async-lock/lib/index.js:249:31)\nE                       at exec (/nix/store/a4f03fnyb1njsg95d11hrirds8hfjsc1-appium-1.17.0/node_modules/appium-uiautomator2-driver/node_modules/async-lock/lib/index.js:124:9)\nE                       at AsyncLock.acquire (/nix/store/a4f03fnyb1njsg95d11hrirds8hfjsc1-appium-1.17.0/node_modules/appium-uiautomator2-driver/node_modules/async-lock/lib/index.js:140:3)\nE                       at AndroidUiautomator2Driver.executeCommand (/nix/store/a4f03fnyb1njsg95d11hrirds8hfjsc1-appium-1.17.0/node_modules/appium-uiautomator2-driver/node_modules/appium-base-driver/lib/basedriver/driver.js:343:39)\nE                       at AppiumDriver.executeCommand (/nix/store/a4f03fnyb1njsg95d11hrirds8hfjsc1-appium-1.17.0/lib/appium.js:534:36)\nE                       at runMicrotasks (<anonymous>)\nE                       at processTicksAndRejections (internal/process/task_queues.js:97:5)\nE                       at asyncHandler (/nix/store/a4f03fnyb1njsg95d11hrirds8hfjsc1-appium-1.17.0/node_modules/appium-base-driver/lib/protocol/protocol.js:309:21)\nE                   Screenshot: file:///Users/a11/.selene/screenshots/1667523725378/1667523725379.png\nE                   PageSource: file:///Users/a11/.selene/screenshots/1667523725378/1667523725379.html\n\n/Library/Frameworks/Python.framework/Versions/3.10/lib/python3.10/site-packages/selene/core/wait.py:145: TimeoutException"}, "description": "Swipe list", "steps": [{"name": "Свайп разделов", "status": "failed", "statusDetails": {"message": "selene.core.exceptions.TimeoutException: Message: \n\nTimed out after 6.0s, while waiting for:\nbrowser.element(('css selector', '[id=\"ru.vkusvill:id/btn_enter\"]')).click\n\nReason: InvalidSelectorException: Message: Locator Strategy 'css selector' is not supported for this session\nStacktrace:\nInvalidSelectorError: Locator Strategy 'css selector' is not supported for this session\n    at AndroidUiautomator2Driver.validateLocatorStrategy (/nix/store/a4f03fnyb1njsg95d11hrirds8hfjsc1-appium-1.17.0/node_modules/appium-uiautomator2-driver/node_modules/appium-base-driver/lib/basedriver/driver.js:388:13)\n    at AndroidUiautomator2Driver.findElOrElsWithProcessing (/nix/store/a4f03fnyb1njsg95d11hrirds8hfjsc1-appium-1.17.0/node_modules/appium-uiautomator2-driver/node_modules/appium-base-driver/lib/basedriver/commands/find.js:31:8)\n    at AndroidUiautomator2Driver.findElement (/nix/store/a4f03fnyb1njsg95d11hrirds8hfjsc1-appium-1.17.0/node_modules/appium-uiautomator2-driver/node_modules/appium-base-driver/lib/basedriver/commands/find.js:53:21)\n    at commandExecutor (/nix/store/a4f03fnyb1njsg95d11hrirds8hfjsc1-appium-1.17.0/node_modules/appium-uiautomator2-driver/node_modules/appium-base-driver/lib/basedriver/driver.js:330:9)\n    at /nix/store/a4f03fnyb1njsg95d11hrirds8hfjsc1-appium-1.17.0/node_modules/appium-uiautomator2-driver/node_modules/async-lock/lib/index.js:125:12\n    at AsyncLock._promiseTry (/nix/store/a4f03fnyb1njsg95d11hrirds8hfjsc1-appium-1.17.0/node_modules/appium-uiautomator2-driver/node_modules/async-lock/lib/index.js:249:31)\n    at exec (/nix/store/a4f03fnyb1njsg95d11hrirds8hfjsc1-appium-1.17.0/node_modules/appium-uiautomator2-driver/node_modules/async-lock/lib/index.js:124:9)\n    at AsyncLock.acquire (/nix/store/a4f03fnyb1njsg95d11hrirds8hfjsc1-appium-1.17.0/node_modules/appium-uiautomator2-driver/node_modules/async-lock/lib/index.js:140:3)\n    at AndroidUiautomator2Driver.executeCommand (/nix/store/a4f03fnyb1njsg95d11hrirds8hfjsc1-appium-1.17.0/node_modules/appium-uiautomator2-driver/node_modules/appium-base-driver/lib/basedriver/driver.js:343:39)\n    at AppiumDriver.executeCommand (/nix/store/a4f03fnyb1njsg95d11hrirds8hfjsc1-appium-1.17.0/lib/appium.js:534:36)\n    at runMicrotasks (<anonymous>)\n    at processTicksAndRejections (internal/process/task_queues.js:97:5)\n    at asyncHandler (/nix/store/a4f03fnyb1njsg95d11hrirds8hfjsc1-appium-1.17.0/node_modules/appium-base-driver/lib/protocol/protocol.js:309:21)\nScreenshot: file:///Users/a11/.selene/screenshots/1667523725378/1667523725379.png\nPageSource: file:///Users/a11/.selene/screenshots/1667523725378/1667523725379.html\n\n", "trace": "  File \"/Users/a11/Documents/qa.guru/Vkusvill-mobile-project/test/test_box.py\", line 14, in test_swite_list\n    MainPageVkusvill().swipe_list()\n  File \"/Users/a11/Documents/qa.guru/Vkusvill-mobile-project/test/pages/main_page.py\", line 10, in swipe_list\n    browser.element('[id=\"ru.vkusvill:id/btn_enter\"]').click()\n  File \"/Library/Frameworks/Python.framework/Versions/3.10/lib/python3.10/site-packages/selene/core/entity.py\", line 525, in click\n    self.wait.for_(\n  File \"/Library/Frameworks/Python.framework/Versions/3.10/lib/python3.10/site-packages/selene/core/wait.py\", line 147, in for_\n    return _(fn)\n  File \"/Library/Frameworks/Python.framework/Versions/3.10/lib/python3.10/site-packages/selene/support/_logging.py\", line 76, in decorated\n    return for_(fn)\n  File \"/Library/Frameworks/Python.framework/Versions/3.10/lib/python3.10/site-packages/selene/core/wait.py\", line 145, in _\n    raise self._hook_failure(failure)\n"}, "steps": [{"name": "element('[id=\"ru.vkusvill:id/btn_enter\"]'): click", "status": "failed", "statusDetails": {"message": "selene.core.exceptions.TimeoutException: Message: \n\nTimed out after 6.0s, while waiting for:\nbrowser.element(('css selector', '[id=\"ru.vkusvill:id/btn_enter\"]')).click\n\nReason: InvalidSelectorException: Message: Locator Strategy 'css selector' is not supported for this session\nStacktrace:\nInvalidSelectorError: Locator Strategy 'css selector' is not supported for this session\n    at AndroidUiautomator2Driver.validateLocatorStrategy (/nix/store/a4f03fnyb1njsg95d11hrirds8hfjsc1-appium-1.17.0/node_modules/appium-uiautomator2-driver/node_modules/appium-base-driver/lib/basedriver/driver.js:388:13)\n    at AndroidUiautomator2Driver.findElOrElsWithProcessing (/nix/store/a4f03fnyb1njsg95d11hrirds8hfjsc1-appium-1.17.0/node_modules/appium-uiautomator2-driver/node_modules/appium-base-driver/lib/basedriver/commands/find.js:31:8)\n    at AndroidUiautomator2Driver.findElement (/nix/store/a4f03fnyb1njsg95d11hrirds8hfjsc1-appium-1.17.0/node_modules/appium-uiautomator2-driver/node_modules/appium-base-driver/lib/basedriver/commands/find.js:53:21)\n    at commandExecutor (/nix/store/a4f03fnyb1njsg95d11hrirds8hfjsc1-appium-1.17.0/node_modules/appium-uiautomator2-driver/node_modules/appium-base-driver/lib/basedriver/driver.js:330:9)\n    at /nix/store/a4f03fnyb1njsg95d11hrirds8hfjsc1-appium-1.17.0/node_modules/appium-uiautomator2-driver/node_modules/async-lock/lib/index.js:125:12\n    at AsyncLock._promiseTry (/nix/store/a4f03fnyb1njsg95d11hrirds8hfjsc1-appium-1.17.0/node_modules/appium-uiautomator2-driver/node_modules/async-lock/lib/index.js:249:31)\n    at exec (/nix/store/a4f03fnyb1njsg95d11hrirds8hfjsc1-appium-1.17.0/node_modules/appium-uiautomator2-driver/node_modules/async-lock/lib/index.js:124:9)\n    at AsyncLock.acquire (/nix/store/a4f03fnyb1njsg95d11hrirds8hfjsc1-appium-1.17.0/node_modules/appium-uiautomator2-driver/node_modules/async-lock/lib/index.js:140:3)\n    at AndroidUiautomator2Driver.executeCommand (/nix/store/a4f03fnyb1njsg95d11hrirds8hfjsc1-appium-1.17.0/node_modules/appium-uiautomator2-driver/node_modules/appium-base-driver/lib/basedriver/driver.js:343:39)\n    at AppiumDriver.executeCommand (/nix/store/a4f03fnyb1njsg95d11hrirds8hfjsc1-appium-1.17.0/lib/appium.js:534:36)\n    at runMicrotasks (<anonymous>)\n    at processTicksAndRejections (internal/process/task_queues.js:97:5)\n    at asyncHandler (/nix/store/a4f03fnyb1njsg95d11hrirds8hfjsc1-appium-1.17.0/node_modules/appium-base-driver/lib/protocol/protocol.js:309:21)\nScreenshot: file:///Users/a11/.selene/screenshots/1667523725378/1667523725379.png\nPageSource: file:///Users/a11/.selene/screenshots/1667523725378/1667523725379.html\n\n", "trace": "  File \"/Library/Frameworks/Python.framework/Versions/3.10/lib/python3.10/site-packages/selene/support/_logging.py\", line 76, in decorated\n    return for_(fn)\n  File \"/Library/Frameworks/Python.framework/Versions/3.10/lib/python3.10/site-packages/selene/core/wait.py\", line 145, in _\n    raise self._hook_failure(failure)\n"}, "start": 1667523754022, "stop": 1667523764336}], "start": 1667523754022, "stop": 1667523764340}], "start": 1667523754022, "stop": 1667523764341, "uuid": "820a49a5-5098-4168-ad57-222e4996c4dd", "historyId": "885508d80c74eaf806ce2f88dcd3bc24", "testCaseId": "f320427044db71e488508fc362535ff7", "fullName": "test.test_box#test_swite_list", "labels": [{"name": "tag", "value": "Pixel 6 Pro, Android version: 12.0"}, {"name": "tag", "value": "mobile"}, {"name": "parentSuite", "value": "test"}, {"name": "suite", "value": "test_box"}, {"name": "host", "value": "MacBook-Air-macbook.local"}, {"name": "thread", "value": "12081-MainThread"}, {"name": "framework", "value": "pytest"}, {"name": "language", "value": "cpython3"}, {"name": "package", "value": "test.test_box"}]}